<?xml version="1.0" encoding="UTF-8"?>
<!-- Generated by org.testng.reporters.JUnitReportReporter -->
<testsuite hostname="RAHUL-PC" failures="0" tests="2" name="TestNGPro.Mar15_GoogleSearch" time="8.763" errors="0" timestamp="2022-03-16T08:03:57 IST" skipped="0">
  <testcase classname="TestNGPro.Mar15_GoogleSearch" name="init" time="8.712"/>
  <system-out/>
  <testcase classname="TestNGPro.Mar15_GoogleSearch" name="display" time="0.051"/>
  <system-out/>
</testsuite> <!-- TestNGPro.Mar15_GoogleSearch -->
