<?xml version="1.0" encoding="UTF-8"?>
<!-- Generated by org.testng.reporters.JUnitReportReporter -->
<testsuite hostname="RAHUL-PC" failures="0" tests="2" name="TestNGPro.Mar15_dependantMethod" time="10.250" errors="0" timestamp="2022-03-16T08:17:02 IST" skipped="0">
  <testcase classname="TestNGPro.Mar15_dependantMethod" name="display" time="0.072"/>
  <system-out/>
  <testcase classname="TestNGPro.Mar15_dependantMethod" name="init" time="10.178"/>
  <system-out/>
</testsuite> <!-- TestNGPro.Mar15_dependantMethod -->
