<?xml version="1.0" encoding="UTF-8"?>
<!-- Generated by org.testng.reporters.JUnitReportReporter -->
<testsuite hostname="RAHUL-PC" failures="0" tests="6" name="TestNGPro.Mar16_Dependencies" time="0.020" errors="0" timestamp="2022-03-16T21:51:27 IST" skipped="0">
  <testcase classname="TestNGPro.Mar16_Dependencies" name="div" time="0.001"/>
  <system-out/>
  <testcase classname="TestNGPro.Mar16_Dependencies" name="sub" time="0.001"/>
  <system-out/>
  <testcase classname="TestNGPro.Mar16_Dependencies" name="SqrArea" time="0.002"/>
  <system-out/>
  <testcase classname="TestNGPro.Mar16_Dependencies" name="add" time="0.002"/>
  <system-out/>
  <testcase classname="TestNGPro.Mar16_Dependencies" name="mul" time="0.001"/>
  <system-out/>
  <testcase classname="TestNGPro.Mar16_Dependencies" name="Rectarea" time="0.013"/>
  <system-out/>
</testsuite> <!-- TestNGPro.Mar16_Dependencies -->
