<?xml version="1.0" encoding="UTF-8"?>
<!-- Generated by org.testng.reporters.JUnitReportReporter -->
<testsuite hostname="RAHUL-PC" failures="0" tests="1" name="TestNGPro.Mar17_parameterForAddition" time="0.014" errors="0" timestamp="2022-03-17T23:09:12 IST" skipped="0">
  <testcase classname="TestNGPro.Mar17_parameterForAddition" name="f" time="0.014"/>
  <system-out/>
</testsuite> <!-- TestNGPro.Mar17_parameterForAddition -->
