<?xml version="1.0" encoding="UTF-8"?>
<!-- Generated by org.testng.reporters.JUnitReportReporter -->
<testsuite hostname="RAHUL-PC" failures="0" tests="3" name="TestNGPro.Mar14_FirstTestNG" time="0.028" errors="0" timestamp="2022-03-15T20:24:44 IST" skipped="0">
  <testcase classname="TestNGPro.Mar14_FirstTestNG" name="hi" time="0.013"/>
  <system-out/>
  <testcase classname="TestNGPro.Mar14_FirstTestNG" name="f" time="0.012"/>
  <system-out/>
  <testcase classname="TestNGPro.Mar14_FirstTestNG" name="by" time="0.003"/>
  <system-out/>
</testsuite> <!-- TestNGPro.Mar14_FirstTestNG -->
