<?xml version="1.0" encoding="UTF-8"?>
<!-- Generated by org.testng.reporters.JUnitReportReporter -->
<testsuite hostname="RAHUL-PC" failures="0" tests="2" name="TestNGPro.march18" time="0.031" errors="0" timestamp="2022-03-20T17:09:45 IST" skipped="0">
  <testcase classname="TestNGPro.march18" name="g" time="0.004"/>
  <system-out/>
  <testcase classname="TestNGPro.march18" name="f" time="0.027"/>
  <system-out/>
</testsuite> <!-- TestNGPro.march18 -->
