<?xml version="1.0" encoding="UTF-8"?>
<!-- Generated by org.testng.reporters.JUnitReportReporter -->
<testsuite hostname="RAHUL-PC" failures="0" tests="2" name="TestNGPro.Mar17_parameter" time="12.933" errors="0" timestamp="2022-03-20T20:10:13 IST" skipped="0">
  <testcase classname="TestNGPro.Mar17_parameter" name="f2" time="4.513"/>
  <system-out/>
  <testcase classname="TestNGPro.Mar17_parameter" name="f" time="8.420"/>
  <system-out/>
</testsuite> <!-- TestNGPro.Mar17_parameter -->
