<?xml version="1.0" encoding="UTF-8"?>
<!-- Generated by org.testng.reporters.JUnitReportReporter -->
<testsuite hostname="RAHUL-PC" failures="0" tests="3" name="TestNGPro.Mar20_Listener" time="14.812" errors="0" timestamp="2022-03-21T00:15:10 IST" skipped="0">
  <testcase classname="TestNGPro.Mar20_Listener" name="search" time="3.773"/>
  <system-out>
    <![CDATA[Test started]]>
  </system-out>
  <testcase classname="TestNGPro.Mar20_Listener" name="search" time="7.095"/>
  <system-out>
    <![CDATA[Test started]]>
  </system-out>
  <testcase classname="TestNGPro.Mar20_Listener" name="search" time="3.944"/>
  <system-out>
    <![CDATA[Test started]]>
  </system-out>
</testsuite> <!-- TestNGPro.Mar20_Listener -->
