<?xml version="1.0" encoding="UTF-8"?>
<!-- Generated by org.testng.reporters.JUnitReportReporter -->
<testsuite hostname="RAHUL-PC" failures="0" tests="3" name="TestNGPro.Mar19_DataProvder" time="16.997" errors="0" timestamp="2022-03-20T22:07:19 IST" skipped="0">
  <testcase classname="TestNGPro.Mar19_DataProvder" name="search" time="5.215"/>
  <system-out/>
  <testcase classname="TestNGPro.Mar19_DataProvder" name="search" time="6.167"/>
  <system-out/>
  <testcase classname="TestNGPro.Mar19_DataProvder" name="search" time="5.615"/>
  <system-out/>
</testsuite> <!-- TestNGPro.Mar19_DataProvder -->
